2024-12-14 00:43:32 [main] INFO  com.whatsup.bot.BotApplication - Starting BotApplication using Java 17.0.12 with PID 7792 (C:\Cosas\bot\EstudioGG\build\classes\java\main started by Gonzalo_Avalos in C:\Cosas\bot\EstudioGG)
2024-12-14 00:43:32 [main] INFO  com.whatsup.bot.BotApplication - No active profile set, falling back to 1 default profile: "default"
2024-12-14 00:43:33 [main] INFO  o.s.b.w.e.tomcat.TomcatWebServer - Tomcat initialized with port(s): 20000 (http)
2024-12-14 00:43:33 [main] INFO  o.a.coyote.http11.Http11NioProtocol - Initializing ProtocolHandler ["http-nio-20000"]
2024-12-14 00:43:33 [main] INFO  o.a.catalina.core.StandardService - Starting service [Tomcat]
2024-12-14 00:43:33 [main] INFO  o.a.catalina.core.StandardEngine - Starting Servlet engine: [Apache Tomcat/10.1.1]
2024-12-14 00:43:33 [main] INFO  o.a.c.c.C.[Tomcat].[localhost].[/] - Initializing Spring embedded WebApplicationContext
2024-12-14 00:43:33 [main] INFO  o.s.b.w.s.c.ServletWebServerApplicationContext - Root WebApplicationContext: initialization completed in 1509 ms
2024-12-14 00:43:34 [main] INFO  o.s.b.a.w.s.WelcomePageHandlerMapping - Adding welcome page template: index
2024-12-14 00:43:34 [main] INFO  o.a.coyote.http11.Http11NioProtocol - Starting ProtocolHandler ["http-nio-20000"]
2024-12-14 00:43:34 [main] INFO  o.s.b.w.e.tomcat.TomcatWebServer - Tomcat started on port(s): 20000 (http) with context path ''
2024-12-14 00:43:34 [scheduling-1] INFO  c.whatsup.bot.worker.messageWorker - Tarea asíncrona iniciandose...
2024-12-14 00:43:35 [main] INFO  com.whatsup.bot.BotApplication - Started BotApplication in 3.262 seconds (process running for 3.943)
2024-12-14 00:43:35 [main] INFO  com.whatsup.bot.BotApplication - Hello World from Application Runner
2024-12-14 00:43:40 [scheduling-1] INFO  c.whatsup.bot.worker.messageWorker - Tarea asíncrona iniciandose...
2024-12-14 00:43:45 [scheduling-1] INFO  c.whatsup.bot.worker.messageWorker - Tarea asíncrona iniciandose...
2024-12-14 00:43:50 [scheduling-1] INFO  c.whatsup.bot.worker.messageWorker - Tarea asíncrona iniciandose...
2024-12-14 00:43:55 [scheduling-1] INFO  c.whatsup.bot.worker.messageWorker - Tarea asíncrona iniciandose...
2024-12-14 00:44:00 [scheduling-1] INFO  c.whatsup.bot.worker.messageWorker - Tarea asíncrona iniciandose...
2024-12-14 00:44:05 [scheduling-1] INFO  c.whatsup.bot.worker.messageWorker - Tarea asíncrona iniciandose...
2024-12-14 00:44:10 [scheduling-1] INFO  c.whatsup.bot.worker.messageWorker - Tarea asíncrona iniciandose...
2024-12-14 00:44:15 [scheduling-1] INFO  c.whatsup.bot.worker.messageWorker - Tarea asíncrona iniciandose...
2024-12-14 00:44:20 [scheduling-1] INFO  c.whatsup.bot.worker.messageWorker - Tarea asíncrona iniciandose...
2024-12-14 00:44:41 [Test worker] INFO  c.whatsup.bot.worker.messageWorker - Enviando mensaje a  TELEFONO
2024-12-14 00:44:41 [Test worker] INFO  c.whatsup.bot.worker.messageWorker - MENU_HORA_20241012
2024-12-14 00:44:41 [Test worker] INFO  c.whatsup.bot.worker.messageWorker - 20241012
2024-12-14 00:44:41 [Test worker] INFO  c.whatsup.bot.worker.messageWorker - Enviando mensaje a  TELEFONO
2024-12-14 00:44:41 [Test worker] INFO  c.whatsup.bot.worker.messageWorker - Enviando mensaje a  TELEFONO
2024-12-14 00:44:41 [Test worker] INFO  c.whatsup.bot.worker.messageWorker - Enviando mensaje a  TELEFONO
2024-12-14 00:44:41 [Test worker] INFO  c.whatsup.bot.service.EventService - count eventMap: 2
2024-12-14 00:44:41 [Test worker] INFO  c.whatsup.bot.service.EventService - count contactos: 3
2024-12-14 00:44:41 [Test worker] INFO  c.whatsup.bot.service.EventService - count eventMap: 2
2024-12-14 00:44:41 [Test worker] INFO  c.whatsup.bot.service.EventService - count contactos: 2
2024-12-14 00:44:41 [Test worker] INFO  c.whatsup.bot.service.EventService - count eventMap: 3
2024-12-14 00:44:41 [Test worker] INFO  c.whatsup.bot.service.EventService - count contactos: 2
2025-01-06 21:49:09 [Test worker] INFO  c.whatsup.bot.worker.messageWorker - Enviando mensaje a  TELEFONO
2025-01-06 21:49:09 [Test worker] INFO  c.whatsup.bot.worker.messageWorker - MENU_HORA_20241012
2025-01-06 21:49:09 [Test worker] INFO  c.whatsup.bot.worker.messageWorker - 20241012
2025-01-06 21:49:09 [Test worker] INFO  c.whatsup.bot.worker.messageWorker - Enviando mensaje a  TELEFONO
2025-01-06 21:49:09 [Test worker] INFO  c.whatsup.bot.worker.messageWorker - Enviando mensaje a  TELEFONO
2025-01-06 21:49:09 [Test worker] INFO  c.whatsup.bot.worker.messageWorker - Enviando mensaje a  TELEFONO
2025-01-06 21:49:09 [Test worker] INFO  c.whatsup.bot.service.EventService - count eventMap: 2
2025-01-06 21:49:09 [Test worker] INFO  c.whatsup.bot.service.EventService - count contactos: 3
2025-01-06 21:49:09 [Test worker] INFO  c.whatsup.bot.service.EventService - count eventMap: 2
2025-01-06 21:49:09 [Test worker] INFO  c.whatsup.bot.service.EventService - count contactos: 2
2025-01-06 21:49:09 [Test worker] INFO  c.whatsup.bot.service.EventService - count eventMap: 3
2025-01-06 21:49:09 [Test worker] INFO  c.whatsup.bot.service.EventService - count contactos: 2
2025-01-06 21:49:10 [Test worker] ERROR com.whatsup.bot.utils.JsonUtils - Failed to read JSON from file: src/test/java/resources/agenda/NOAHYRESERVA,src\test\java\resources\agenda\NOAHYRESERVA.json (The system cannot find the file specified)
2025-01-06 21:49:10 [Test worker] INFO  com.whatsup.bot.utils.JsonUtils - Archivo guardado.src/test/java/resources/agenda/111111_HORA
2025-01-06 21:49:10 [Test worker] INFO  c.w.b.repository.contactosRepository - src\test\java\resources\Contactos\541145587171.json
2025-01-06 21:49:10 [Test worker] ERROR com.whatsup.bot.utils.JsonUtils - Failed to read JSON from file: src/test/java/resources/tracking/NOAHYRESERVA,src\test\java\resources\tracking\NOAHYRESERVA.json (The system cannot find the file specified)
2025-01-06 21:49:10 [Test worker] ERROR com.whatsup.bot.utils.JsonUtils - Failed to read JSON from file: src/test/java/resources/tracking/NOAHYRESERVA,src\test\java\resources\tracking\NOAHYRESERVA.json (The system cannot find the file specified)
2025-01-06 21:49:10 [Test worker] INFO  com.whatsup.bot.utils.JsonUtils - Archivo guardado.src/test/java/resources/tracking/telefono1
